Started Sat Oct 22 22:00:38 2022
/muscle/bin/muscle -in muscle-I20221022-230037-0085-9115039-p2m.sequence -verbose -log muscle-I20221022-230037-0085-9115039-p2m.output -quiet -fasta -out muscle-I20221022-230037-0085-9115039-p2m.fasta
Alphabet DNA

MUSCLE v3.8.425 by Robert C. Edgar
http://www.drive5.com/muscle

Profile-profile score    SPN
Max iterations           8
Max trees                1
Max time                 (No limit)
Max MB                   4294966239
Gap open                 -400
Gap extend (dimer)       0
Gap ambig factor         0
Gap ambig penalty        -0
Center (LE)              0
Term gaps                Half
Smooth window length     7
Refine window length     200
Min anchor spacing       32
Min diag length (lambda) 24
Diag margin (mu)         5
Min diag break           1
Hydrophobic window       5
Hydrophobic gap factor   1.2
Smooth score ceiling     999
Min best col score       90
Min anchor score         90
SUEFF                    0.1
Brenner root MSA         False
Normalize counts         False
Diagonals (1)            False
Diagonals (2)            False
Anchors                  True
MSF output format        False
Phylip interleaved       False
Phylip sequential        False
ClustalW output format   False
Catch exceptions         True
Quiet                    True
Refine                   False
ProdfDB                  False
Low complexity profiles  True
Objective score          SPM
Distance method (1)      Kmer4_6
Clustering method (1)    UPGMB
Root method (1)          Pseudo
Sequence weighting (1)   ClustalW
Distance method (2)      PctIdKimura
Clustering method (2)    UPGMB
Root method (2)          Pseudo
Sequence weighting (2)   ClustalW

Elapsed time 00:00:00  Peak memory use   11 MB(-1%)  Iteration   1 K-mer dist pass 1
Elapsed time 00:00:00  Peak memory use   11 MB(-1%)  Iteration   1 K-mer dist pass 2
Align: (NM_001194680.1 Macaca mulatta major histocompatibility complex, class II, DQ alpha 1-like (HLA-DQA1), mRNA) (NM_002122.5 Homo sapiens major histocompatibility complex, class II, DQ alpha 1 (HLA-DQA1), mRNA)
Align: (BT020994.1 Bos taurus major histocompatibility complex, class II, DQ alpha 1 (HLA-DQA1), mRNA, complete cds) (NM_001194680.1 Macaca mulatta major histocompatibility complex, class II, DQ alpha 1-like (HLA-DQA1), mRNA,NM_002122.5 Homo sapiens major histocompatibility complex, class II, DQ alpha 1 (HLA-DQA1), mRNA)
Align: (NM_001113067.1 Xenopus tropicalis major histocompatibility complex, class II, DA alpha (provisional) (mhc2-daa (provisional)), mRNA) (BT020994.1 Bos taurus major histocompatibility complex, class II, DQ alpha 1 (HLA-DQA1), mRNA, complete cds,NM_001194680.1 Macaca mulatta major histocompatibility complex, class II, DQ alpha 1-like (HLA-DQA1), mRNA,NM_002122.5 Homo sapiens major histocompatibility complex, class II, DQ alpha 1 (HLA-DQA1), mRNA)
Elapsed time 00:00:00  Peak memory use   26 MB(-2%)  Iteration   1 Align node
Elapsed time 00:00:00  Peak memory use   26 MB(-2%)  Iteration   1 Root alignment
Elapsed time 00:00:00  Peak memory use   26 MB(-2%)  Iteration   2 Root alignment
Anchor columns found       0
DP area saved by anchors   0.0 %
Elapsed time 00:00:00  Peak memory use   28 MB(-2%)  Iteration   3 Refine biparts
Elapsed time 00:00:01  Peak memory use   28 MB(-2%)  Iteration   4 Refine biparts
Finished Sat Oct 22 22:00:39 2022
